kotlin version: 2.2.10
error message: java.lang.RuntimeException: Exception while generating code for:
FUN name:MainNavigation visibility:internal modality:FINAL returnType:kotlin.Unit
  annotations:
    Composable
  BLOCK_BODY
    VAR name:mainViewModel type:com.segnities007.navigation.mvi.MainViewModel [val]
      TYPE_OP type=com.segnities007.navigation.mvi.MainViewModel origin=IMPLICIT_CAST typeOperand=com.segnities007.navigation.mvi.MainViewModel
        CALL 'public final fun viewModel$default <VM> (viewModelStoreOwner: androidx.lifecycle.ViewModelStoreOwner?, key: kotlin.String?, initializer: @[ExtensionFunctionType] kotlin.Function1<androidx.lifecycle.viewmodel.CreationExtras, VM of androidx.lifecycle.viewmodel.compose.ViewModelKt.viewModel$default>, $mask0: kotlin.Int, $handler: kotlin.Any?): VM of androidx.lifecycle.viewmodel.compose.ViewModelKt.viewModel$default [inline] declared in androidx.lifecycle.viewmodel.compose.ViewModelKt' type=VM of androidx.lifecycle.viewmodel.compose.ViewModelKt.viewModel$default origin=DEFAULT_DISPATCH_CALL
          TYPE_ARG VM: com.segnities007.navigation.mvi.MainViewModel
          ARG viewModelStoreOwner: COMPOSITE type=androidx.lifecycle.ViewModelStoreOwner? origin=DEFAULT_VALUE
            CONST Null type=androidx.lifecycle.ViewModelStoreOwner? value=null
          ARG key: COMPOSITE type=kotlin.String? origin=DEFAULT_VALUE
            CONST Null type=kotlin.String? value=null
          ARG initializer: BLOCK type=@[ExtensionFunctionType] kotlin.Function1<androidx.lifecycle.viewmodel.CreationExtras, com.segnities007.navigation.mvi.MainViewModel> origin=LAMBDA
            COMPOSITE type=kotlin.Unit origin=null
            CALL 'public final fun <jvm-indy> <T> (dynamicCall: T of kotlin.jvm.internal.<jvm-indy>, bootstrapMethodHandle: kotlin.Any, vararg bootstrapMethodArguments: kotlin.Any): T of kotlin.jvm.internal.<jvm-indy> declared in kotlin.jvm.internal' type=@[ExtensionFunctionType] kotlin.Function1<androidx.lifecycle.viewmodel.CreationExtras, com.segnities007.navigation.mvi.MainViewModel> origin=null
              TYPE_ARG T: @[ExtensionFunctionType] kotlin.Function1<androidx.lifecycle.viewmodel.CreationExtras, com.segnities007.navigation.mvi.MainViewModel>
              ARG dynamicCall: CALL 'public final fun invoke (): @[ExtensionFunctionType] kotlin.Function1<androidx.lifecycle.viewmodel.CreationExtras, com.segnities007.navigation.mvi.MainViewModel> declared in kotlin.jvm.internal.invokeDynamic' type=@[ExtensionFunctionType] kotlin.Function1<androidx.lifecycle.viewmodel.CreationExtras, com.segnities007.navigation.mvi.MainViewModel> origin=null
              ARG bootstrapMethodHandle: CALL 'public final fun <jvm-method-handle> (tag: kotlin.Int, owner: kotlin.String, name: kotlin.String, descriptor: kotlin.String, isInterface: kotlin.Boolean): kotlin.Any declared in kotlin.jvm.internal' type=kotlin.Any origin=null
                ARG tag: CONST Int type=kotlin.Int value=6
                ARG owner: CONST String type=kotlin.String value="java/lang/invoke/LambdaMetafactory"
                ARG name: CONST String type=kotlin.String value="metafactory"
                ARG descriptor: CONST String type=kotlin.String value="(Ljava/lang/invoke/MethodHandles$Lookup;Ljava/lang/String;Ljava/lang/invoke/MethodType;Ljava/lang/invoke/MethodType;Ljava/lang/invoke/MethodHandle;Ljava/lang/invoke/MethodType;)Ljava/lang/invoke/CallSite;"
                ARG isInterface: CONST Boolean type=kotlin.Boolean value=false
              ARG bootstrapMethodArguments: VARARG type=kotlin.Array<kotlin.Any> varargElementType=kotlin.Any
                CALL 'public final fun <jvm-original-method-type> (method: kotlin.Any): kotlin.Any declared in kotlin.jvm.internal' type=kotlin.Any origin=null
                  ARG method: RAW_FUNCTION_REFERENCE 'public abstract fun invoke (p1: P1 of kotlin.Function1): R of kotlin.Function1 [operator] declared in kotlin.Function1' type=kotlin.Any
                RAW_FUNCTION_REFERENCE 'private final fun MainNavigation$lambda$0 ($this$viewModel: androidx.lifecycle.viewmodel.CreationExtras): com.segnities007.navigation.mvi.MainViewModel declared in com.segnities007.navigation.MainNavigationKt' type=kotlin.Any
                CALL 'public final fun <jvm-original-method-type> (method: kotlin.Any): kotlin.Any declared in kotlin.jvm.internal' type=kotlin.Any origin=null
                  ARG method: RAW_FUNCTION_REFERENCE 'public abstract fun invoke (p1: androidx.lifecycle.viewmodel.CreationExtras): com.segnities007.navigation.mvi.MainViewModel [fake_override,operator] declared in kotlin.jvm.internal.invokeDynamic.<fake>' type=kotlin.Any
          ARG $mask0: CONST Int type=kotlin.Int value=3
          ARG $handler: CONST Null type=kotlin.Any? value=null
    VAR name:backStack type:androidx.compose.runtime.snapshots.SnapshotStateList<com.segnities007.common.keys.NavKeys> [val]
      CALL 'public final fun remember <T> (calculation: @[DisallowComposableCalls] kotlin.Function0<T of androidx.compose.runtime.ComposablesKt.remember>): T of androidx.compose.runtime.ComposablesKt.remember [inline] declared in androidx.compose.runtime.ComposablesKt' type=androidx.compose.runtime.snapshots.SnapshotStateList<com.segnities007.common.keys.NavKeys> origin=null
        TYPE_ARG T: androidx.compose.runtime.snapshots.SnapshotStateList<com.segnities007.common.keys.NavKeys>
        ARG calculation: BLOCK type=kotlin.Function0<androidx.compose.runtime.snapshots.SnapshotStateList<com.segnities007.common.keys.NavKeys>> origin=LAMBDA
          COMPOSITE type=kotlin.Unit origin=null
          FUNCTION_REFERENCE 'private final fun MainNavigation$lambda$1 (): androidx.compose.runtime.snapshots.SnapshotStateList<com.segnities007.common.keys.NavKeys> declared in com.segnities007.navigation.MainNavigationKt' type=kotlin.Function0<androidx.compose.runtime.snapshots.SnapshotStateList<com.segnities007.common.keys.NavKeys>> origin=INLINE_LAMBDA reflectionTarget=null
    VAR name:onNavigate type:kotlin.Function1<com.segnities007.common.keys.NavKeys, kotlin.Unit> [val]
      BLOCK type=kotlin.Function1<com.segnities007.common.keys.NavKeys, kotlin.Unit> origin=LAMBDA
        COMPOSITE type=kotlin.Unit origin=null
        CALL 'public final fun <jvm-indy> <T> (dynamicCall: T of kotlin.jvm.internal.<jvm-indy>, bootstrapMethodHandle: kotlin.Any, vararg bootstrapMethodArguments: kotlin.Any): T of kotlin.jvm.internal.<jvm-indy> declared in kotlin.jvm.internal' type=kotlin.Function1<com.segnities007.common.keys.NavKeys, kotlin.Unit> origin=null
          TYPE_ARG T: kotlin.Function1<com.segnities007.common.keys.NavKeys, kotlin.Unit>
          ARG dynamicCall: CALL 'public final fun invoke (p0: androidx.compose.runtime.snapshots.SnapshotStateList<com.segnities007.common.keys.NavKeys>): kotlin.Function1<com.segnities007.common.keys.NavKeys, kotlin.Unit> declared in kotlin.jvm.internal.invokeDynamic' type=kotlin.Function1<com.segnities007.common.keys.NavKeys, kotlin.Unit> origin=null
            ARG p0: GET_VAR 'val backStack: androidx.compose.runtime.snapshots.SnapshotStateList<com.segnities007.common.keys.NavKeys> [val] declared in com.segnities007.navigation.MainNavigationKt.MainNavigation' type=androidx.compose.runtime.snapshots.SnapshotStateList<com.segnities007.common.keys.NavKeys> origin=null
          ARG bootstrapMethodHandle: CALL 'public final fun <jvm-method-handle> (tag: kotlin.Int, owner: kotlin.String, name: kotlin.String, descriptor: kotlin.String, isInterface: kotlin.Boolean): kotlin.Any declared in kotlin.jvm.internal' type=kotlin.Any origin=null
            ARG tag: CONST Int type=kotlin.Int value=6
            ARG owner: CONST String type=kotlin.String value="java/lang/invoke/LambdaMetafactory"
            ARG name: CONST String type=kotlin.String value="metafactory"
            ARG descriptor: CONST String type=kotlin.String value="(Ljava/lang/invoke/MethodHandles$Lookup;Ljava/lang/String;Ljava/lang/invoke/MethodType;Ljava/lang/invoke/MethodType;Ljava/lang/invoke/MethodHandle;Ljava/lang/invoke/MethodType;)Ljava/lang/invoke/CallSite;"
            ARG isInterface: CONST Boolean type=kotlin.Boolean value=false
          ARG bootstrapMethodArguments: VARARG type=kotlin.Array<kotlin.Any> varargElementType=kotlin.Any
            CALL 'public final fun <jvm-original-method-type> (method: kotlin.Any): kotlin.Any declared in kotlin.jvm.internal' type=kotlin.Any origin=null
              ARG method: RAW_FUNCTION_REFERENCE 'public abstract fun invoke (p1: P1 of kotlin.Function1): R of kotlin.Function1 [operator] declared in kotlin.Function1' type=kotlin.Any
            RAW_FUNCTION_REFERENCE 'private final fun MainNavigation$lambda$2 ($backStack: androidx.compose.runtime.snapshots.SnapshotStateList<com.segnities007.common.keys.NavKeys>, it: com.segnities007.common.keys.NavKeys): kotlin.Unit? declared in com.segnities007.navigation.MainNavigationKt' type=kotlin.Any
            CALL 'public final fun <jvm-original-method-type> (method: kotlin.Any): kotlin.Any declared in kotlin.jvm.internal' type=kotlin.Any origin=null
              ARG method: RAW_FUNCTION_REFERENCE 'public abstract fun invoke (p1: com.segnities007.common.keys.NavKeys): kotlin.Unit? [fake_override,operator] declared in kotlin.jvm.internal.invokeDynamic.<fake>' type=kotlin.Any
    VAR name:onBack type:kotlin.Function0<kotlin.Unit> [val]
      BLOCK type=kotlin.Function0<kotlin.Unit> origin=LAMBDA
        COMPOSITE type=kotlin.Unit origin=null
        CALL 'public final fun <jvm-indy> <T> (dynamicCall: T of kotlin.jvm.internal.<jvm-indy>, bootstrapMethodHandle: kotlin.Any, vararg bootstrapMethodArguments: kotlin.Any): T of kotlin.jvm.internal.<jvm-indy> declared in kotlin.jvm.internal' type=kotlin.Function0<kotlin.Unit> origin=null
          TYPE_ARG T: kotlin.Function0<kotlin.Unit>
          ARG dynamicCall: CALL 'public final fun invoke (p0: androidx.compose.runtime.snapshots.SnapshotStateList<com.segnities007.common.keys.NavKeys>): kotlin.Function0<kotlin.Unit> declared in kotlin.jvm.internal.invokeDynamic' type=kotlin.Function0<kotlin.Unit> origin=null
            ARG p0: GET_VAR 'val backStack: androidx.compose.runtime.snapshots.SnapshotStateList<com.segnities007.common.keys.NavKeys> [val] declared in com.segnities007.navigation.MainNavigationKt.MainNavigation' type=androidx.compose.runtime.snapshots.SnapshotStateList<com.segnities007.common.keys.NavKeys> origin=null
          ARG bootstrapMethodHandle: CALL 'public final fun <jvm-method-handle> (tag: kotlin.Int, owner: kotlin.String, name: kotlin.String, descriptor: kotlin.String, isInterface: kotlin.Boolean): kotlin.Any declared in kotlin.jvm.internal' type=kotlin.Any origin=null
            ARG tag: CONST Int type=kotlin.Int value=6
            ARG owner: CONST String type=kotlin.String value="java/lang/invoke/LambdaMetafactory"
            ARG name: CONST String type=kotlin.String value="metafactory"
            ARG descriptor: CONST String type=kotlin.String value="(Ljava/lang/invoke/MethodHandles$Lookup;Ljava/lang/String;Ljava/lang/invoke/MethodType;Ljava/lang/invoke/MethodType;Ljava/lang/invoke/MethodHandle;Ljava/lang/invoke/MethodType;)Ljava/lang/invoke/CallSite;"
            ARG isInterface: CONST Boolean type=kotlin.Boolean value=false
          ARG bootstrapMethodArguments: VARARG type=kotlin.Array<kotlin.Any> varargElementType=kotlin.Any
            CALL 'public final fun <jvm-original-method-type> (method: kotlin.Any): kotlin.Any declared in kotlin.jvm.internal' type=kotlin.Any origin=null
              ARG method: RAW_FUNCTION_REFERENCE 'public abstract fun invoke (): R of kotlin.Function0 [operator] declared in kotlin.Function0' type=kotlin.Any
            RAW_FUNCTION_REFERENCE 'private final fun MainNavigation$lambda$3 ($backStack: androidx.compose.runtime.snapshots.SnapshotStateList<com.segnities007.common.keys.NavKeys>): kotlin.Unit? declared in com.segnities007.navigation.MainNavigationKt' type=kotlin.Any
            CALL 'public final fun <jvm-original-method-type> (method: kotlin.Any): kotlin.Any declared in kotlin.jvm.internal' type=kotlin.Any origin=null
              ARG method: RAW_FUNCTION_REFERENCE 'public abstract fun invoke (): kotlin.Unit? [fake_override,operator] declared in kotlin.jvm.internal.invokeDynamic.<fake>' type=kotlin.Any
    CALL 'public final fun LaunchedEffect (key1: kotlin.Any?, block: @[ExtensionFunctionType] kotlin.coroutines.SuspendFunction1<kotlinx.coroutines.CoroutineScope, kotlin.Unit>): kotlin.Unit declared in androidx.compose.runtime.EffectsKt' type=kotlin.Unit origin=null
      ARG key1: GET_FIELD 'FIELD FIELD_FOR_OBJECT_INSTANCE name:INSTANCE type:kotlin.Unit visibility:public [final,static] declared in kotlin.Unit' type=kotlin.Unit origin=null
      ARG block: BLOCK type=com.segnities007.navigation.MainNavigationKt.MainNavigation.<no name provided> origin=null
        CLASS SUSPEND_LAMBDA CLASS name:<no name provided> modality:FINAL visibility:public/*package*/ superTypes:[kotlin.coroutines.jvm.internal.SuspendLambda; kotlin.jvm.functions.Function2<kotlinx.coroutines.CoroutineScope, kotlin.coroutines.Continuation<kotlin.Unit>?, kotlin.Any?>]
          thisReceiver: VALUE_PARAMETER INSTANCE_RECEIVER kind:DispatchReceiver name:<this> type:com.segnities007.navigation.MainNavigationKt.MainNavigation.<no name provided>
          FIELD name:label type:kotlin.Int visibility:public/*package*/
          CONSTRUCTOR SUSPEND_LAMBDA visibility:public/*package*/ returnType:com.segnities007.navigation.MainNavigationKt.MainNavigation.<no name provided> [primary]
            VALUE_PARAMETER BOUND_VALUE_PARAMETER kind:Regular name:$mainViewModel index:0 type:com.segnities007.navigation.mvi.MainViewModel
            VALUE_PARAMETER BOUND_VALUE_PARAMETER kind:Regular name:$backStack index:1 type:androidx.compose.runtime.snapshots.SnapshotStateList<com.segnities007.common.keys.NavKeys>
            VALUE_PARAMETER kind:Regular name:$completion index:2 type:kotlin.coroutines.Continuation<com.segnities007.navigation.MainNavigationKt.MainNavigation.<no name provided>>?
            BLOCK_BODY
              SET_FIELD 'FIELD FIELD_FOR_CAPTURED_VALUE name:$mainViewModel type:com.segnities007.navigation.mvi.MainViewModel visibility:public/*package*/ [final] declared in com.segnities007.navigation.MainNavigationKt.MainNavigation.<no name provided>' type=kotlin.Unit origin=INITIALIZER_OF_FIELD_FOR_CAPTURED_VALUE
                receiver: GET_VAR '<this>: com.segnities007.navigation.MainNavigationKt.MainNavigation.<no name provided> declared in com.segnities007.navigation.MainNavigationKt.MainNavigation.<no name provided>' type=com.segnities007.navigation.MainNavigationKt.MainNavigation.<no name provided> origin=null
                value: GET_VAR '$mainViewModel: com.segnities007.navigation.mvi.MainViewModel declared in com.segnities007.navigation.MainNavigationKt.MainNavigation.<no name provided>.<init>' type=com.segnities007.navigation.mvi.MainViewModel origin=null
              SET_FIELD 'FIELD FIELD_FOR_CAPTURED_VALUE name:$backStack type:androidx.compose.runtime.snapshots.SnapshotStateList<com.segnities007.common.keys.NavKeys> visibility:public/*package*/ [final] declared in com.segnities007.navigation.MainNavigationKt.MainNavigation.<no name provided>' type=kotlin.Unit origin=INITIALIZER_OF_FIELD_FOR_CAPTURED_VALUE
                receiver: GET_VAR '<this>: com.segnities007.navigation.MainNavigationKt.MainNavigation.<no name provided> declared in com.segnities007.navigation.MainNavigationKt.MainNavigation.<no name provided>' type=com.segnities007.navigation.MainNavigationKt.MainNavigation.<no name provided> origin=null
                value: GET_VAR '$backStack: androidx.compose.runtime.snapshots.SnapshotStateList<com.segnities007.common.keys.NavKeys> declared in com.segnities007.navigation.MainNavigationKt.MainNavigation.<no name provided>.<init>' type=androidx.compose.runtime.snapshots.SnapshotStateList<com.segnities007.common.keys.NavKeys> origin=null
              DELEGATING_CONSTRUCTOR_CALL 'public constructor <init> (arity: kotlin.Int, $completion: kotlin.coroutines.Continuation<kotlin.Any?>?) declared in kotlin.coroutines.jvm.internal.SuspendLambda'
                ARG arity: CONST Int type=kotlin.Int value=2
                ARG $completion: GET_VAR '$completion: kotlin.coroutines.Continuation<com.segnities007.navigation.MainNavigationKt.MainNavigation.<no name provided>>? declared in com.segnities007.navigation.MainNavigationKt.MainNavigation.<no name provided>.<init>' type=kotlin.coroutines.Continuation<com.segnities007.navigation.MainNavigationKt.MainNavigation.<no name provided>>? origin=null
              BLOCK type=kotlin.Unit origin=null
          FUN name:invokeSuspend visibility:public modality:FINAL returnType:kotlin.Any?
            VALUE_PARAMETER INSTANCE_RECEIVER kind:DispatchReceiver name:<this> index:0 type:com.segnities007.navigation.MainNavigationKt.MainNavigation.<no name provided>
            VALUE_PARAMETER kind:Regular name:$result index:1 type:kotlin.Result<kotlin.Any?>
            overridden:
              protected abstract fun invokeSuspend ($result: kotlin.Result<kotlin.Any?>): kotlin.Any? declared in kotlin.coroutines.jvm.internal.SuspendLambda
            BLOCK_BODY
              CALL 'public abstract fun collect (collector: kotlinx.coroutines.flow.FlowCollector<T of kotlinx.coroutines.flow.Flow>, $completion: kotlin.coroutines.Continuation<kotlin.Unit>): kotlin.Any? [suspend] declared in kotlinx.coroutines.flow.Flow' type=kotlin.Unit origin=null
                ARG <this>: CALL 'public final fun <get-effect> (): kotlinx.coroutines.flow.Flow<com.segnities007.navigation.mvi.MainEffect> [fake_override] declared in com.segnities007.navigation.mvi.MainViewModel' type=kotlinx.coroutines.flow.Flow<com.segnities007.navigation.mvi.MainEffect> origin=GET_PROPERTY
                  ARG <this>: GET_FIELD 'FIELD FIELD_FOR_CAPTURED_VALUE name:$mainViewModel type:com.segnities007.navigation.mvi.MainViewModel visibility:public/*package*/ [final] declared in com.segnities007.navigation.MainNavigationKt.MainNavigation.<no name provided>' type=com.segnities007.navigation.mvi.MainViewModel origin=null
                    receiver: GET_VAR '<this>: com.segnities007.navigation.MainNavigationKt.MainNavigation.<no name provided> declared in com.segnities007.navigation.MainNavigationKt.MainNavigation.<no name provided>.invokeSuspend' type=com.segnities007.navigation.MainNavigationKt.MainNavigation.<no name provided> origin=null
                ARG collector: BLOCK type=com.segnities007.navigation.MainNavigationKt.MainNavigation.<no name provided>.invokeSuspend.<no name provided><T of com.segnities007.navigation.MainNavigationKt.MainNavigation.<no name provided>.invokeSuspend.<no name provided>> origin=null
                  CLASS LAMBDA_IMPL CLASS name:<no name provided> modality:FINAL visibility:public/*package*/ superTypes:[@[RawType] kotlinx.coroutines.flow.FlowCollector<T of kotlinx.coroutines.flow.FlowCollector>]
                    thisReceiver: VALUE_PARAMETER INSTANCE_RECEIVER kind:DispatchReceiver name:<this> type:com.segnities007.navigation.MainNavigationKt.MainNavigation.<no name provided>.invokeSuspend.<no name provided><T of com.segnities007.navigation.MainNavigationKt.MainNavigation.<no name provided>.invokeSuspend.<no name provided>>
                    TYPE_PARAMETER name:T index:0 variance:in superTypes:[kotlin.Any?] reified:false
                    CONSTRUCTOR GENERATED_MEMBER_IN_CALLABLE_REFERENCE visibility:public/*package*/ returnType:com.segnities007.navigation.MainNavigationKt.MainNavigation.<no name provided>.invokeSuspend.<no name provided><T of com.segnities007.navigation.MainNavigationKt.MainNavigation.<no name provided>.invokeSuspend.<no name provided>> [primary]
                      VALUE_PARAMETER BOUND_VALUE_PARAMETER kind:Regular name:$backStack index:0 type:androidx.compose.runtime.snapshots.SnapshotStateList<com.segnities007.common.keys.NavKeys>
                      BLOCK_BODY
                        SET_FIELD 'FIELD FIELD_FOR_CAPTURED_VALUE name:$backStack type:androidx.compose.runtime.snapshots.SnapshotStateList<com.segnities007.common.keys.NavKeys> visibility:public/*package*/ [final] declared in com.segnities007.navigation.MainNavigationKt.MainNavigation.<no name provided>.invokeSuspend.<no name provided>' type=kotlin.Unit origin=INITIALIZER_OF_FIELD_FOR_CAPTURED_VALUE
                          receiver: GET_VAR '<this>: com.segnities007.navigation.MainNavigationKt.MainNavigation.<no name provided>.invokeSuspend.<no name provided><T of com.segnities007.navigation.MainNavigationKt.MainNavigation.<no name provided>.invokeSuspend.<no name provided>> declared in com.segnities007.navigation.MainNavigationKt.MainNavigation.<no name provided>.invokeSuspend.<no name provided>' type=com.segnities007.navigation.MainNavigationKt.MainNavigation.<no name provided>.invokeSuspend.<no name provided><T of com.segnities007.navigation.MainNavigationKt.MainNavigation.<no name provided>.invokeSuspend.<no name provided>> origin=null
                          value: GET_VAR '$backStack: androidx.compose.runtime.snapshots.SnapshotStateList<com.segnities007.common.keys.NavKeys> declared in com.segnities007.navigation.MainNavigationKt.MainNavigation.<no name provided>.invokeSuspend.<no name provided>.<init>' type=androidx.compose.runtime.snapshots.SnapshotStateList<com.segnities007.common.keys.NavKeys> origin=null
                        DELEGATING_CONSTRUCTOR_CALL 'public constructor <init> () [primary] declared in kotlin.Any'
                        BLOCK type=kotlin.Unit origin=null
                    FUN name:emit visibility:public modality:FINAL returnType:kotlin.Any? [suspend]
                      VALUE_PARAMETER INSTANCE_RECEIVER kind:DispatchReceiver name:<this> index:0 type:com.segnities007.navigation.MainNavigationKt.MainNavigation.<no name provided>.invokeSuspend.<no name provided><T of com.segnities007.navigation.MainNavigationKt.MainNavigation.<no name provided>.invokeSuspend.<no name provided>>
                      VALUE_PARAMETER kind:Regular name:effect index:1 type:com.segnities007.navigation.mvi.MainEffect
                      VALUE_PARAMETER CONTINUATION_CLASS kind:Regular name:$completion index:2 type:kotlin.coroutines.Continuation<kotlin.Unit>
                      overridden:
                        public abstract fun emit (value: T of kotlinx.coroutines.flow.FlowCollector, $completion: kotlin.coroutines.Continuation<kotlin.Unit>): kotlin.Any? [suspend] declared in kotlinx.coroutines.flow.FlowCollector
                      BLOCK_BODY
                        CLASS CONTINUATION_CLASS CLASS name:<Continuation> modality:FINAL visibility:public/*package*/ superTypes:[kotlin.coroutines.jvm.internal.ContinuationImpl]
                          thisReceiver: VALUE_PARAMETER INSTANCE_RECEIVER kind:DispatchReceiver name:<this> type:com.segnities007.navigation.MainNavigationKt.MainNavigation.<no name provided>.invokeSuspend.<no name provided>.emit.<Continuation>
                          FIELD CONTINUATION_CLASS_RESULT_FIELD name:result type:kotlin.Result<kotlin.Any?> visibility:public/*package*/
                          FIELD FIELD_FOR_OUTER_THIS name:this$0 type:com.segnities007.navigation.MainNavigationKt.MainNavigation.<no name provided>.invokeSuspend.<no name provided><T of com.segnities007.navigation.MainNavigationKt.MainNavigation.<no name provided>.invokeSuspend.<no name provided>> visibility:public/*package*/ [final]
                          FIELD name:label type:kotlin.Int visibility:public/*package*/
                          CONSTRUCTOR visibility:public/*package*/ returnType:com.segnities007.navigation.MainNavigationKt.MainNavigation.<no name provided>.invokeSuspend.<no name provided>.emit.<Continuation> [primary]
                            VALUE_PARAMETER kind:Regular name:this$0 index:0 type:com.segnities007.navigation.MainNavigationKt.MainNavigation.<no name provided>.invokeSuspend.<no name provided><T of com.segnities007.navigation.MainNavigationKt.MainNavigation.<no name provided>.invokeSuspend.<no name provided>>
                            VALUE_PARAMETER kind:Regular name:$completion index:1 type:kotlin.coroutines.Continuation<com.segnities007.navigation.MainNavigationKt.MainNavigation.<no name provided>.invokeSuspend.<no name provided>.emit.<Continuation>>?
                            BLOCK_BODY
                              SET_FIELD 'FIELD FIELD_FOR_OUTER_THIS name:this$0 type:com.segnities007.navigation.MainNavigationKt.MainNavigation.<no name provided>.invokeSuspend.<no name provided><T of com.segnities007.navigation.MainNavigationKt.MainNavigation.<no name provided>.invokeSuspend.<no name provided>> visibility:public/*package*/ [final] declared in com.segnities007.navigation.MainNavigationKt.MainNavigation.<no name provided>.invokeSuspend.<no name provided>.emit.<Continuation>' type=kotlin.Unit origin=null
                                receiver: GET_VAR '<this>: com.segnities007.navigation.MainNavigationKt.MainNavigation.<no name provided>.invokeSuspend.<no name provided>.emit.<Continuation> declared in com.segnities007.navigation.MainNavigationKt.MainNavigation.<no name provided>.invokeSuspend.<no name provided>.emit.<Continuation>' type=com.segnities007.navigation.MainNavigationKt.MainNavigation.<no name provided>.invokeSuspend.<no name provided>.emit.<Continuation> origin=null
                                value: GET_VAR 'this$0: com.segnities007.navigation.MainNavigationKt.MainNavigation.<no name provided>.invokeSuspend.<no name provided><T of com.segnities007.navigation.MainNavigationKt.MainNavigation.<no name provided>.invokeSuspend.<no name provided>> declared in com.segnities007.navigation.MainNavigationKt.MainNavigation.<no name provided>.invokeSuspend.<no name provided>.emit.<Continuation>.<init>' type=com.segnities007.navigation.MainNavigationKt.MainNavigation.<no name provided>.invokeSuspend.<no name provided><T of com.segnities007.navigation.MainNavigationKt.MainNavigation.<no name provided>.invokeSuspend.<no name provided>> origin=null
                              DELEGATING_CONSTRUCTOR_CALL 'public constructor <init> ($completion: kotlin.coroutines.Continuation<kotlin.Any?>?) declared in kotlin.coroutines.jvm.internal.ContinuationImpl'
                                ARG $completion: GET_VAR '$completion: kotlin.coroutines.Continuation<com.segnities007.navigation.MainNavigationKt.MainNavigation.<no name provided>.invokeSuspend.<no name provided>.emit.<Continuation>>? declared in com.segnities007.navigation.MainNavigationKt.MainNavigation.<no name provided>.invokeSuspend.<no name provided>.emit.<Continuation>.<init>' type=kotlin.coroutines.Continuation<com.segnities007.navigation.MainNavigationKt.MainNavigation.<no name provided>.invokeSuspend.<no name provided>.emit.<Continuation>>? origin=null
                          FUN name:invokeSuspend visibility:public modality:FINAL returnType:kotlin.Any?
                            VALUE_PARAMETER INSTANCE_RECEIVER kind:DispatchReceiver name:<this> index:0 type:com.segnities007.navigation.MainNavigationKt.MainNavigation.<no name provided>.invokeSuspend.<no name provided>.emit.<Continuation>
                            VALUE_PARAMETER kind:Regular name:$result index:1 type:kotlin.Result<kotlin.Any?>
                            overridden:
                              public abstract fun invokeSuspend ($result: kotlin.Result<kotlin.Any?>): kotlin.Any? declared in kotlin.coroutines.jvm.internal.ContinuationImpl
                            BLOCK_BODY
                              SET_FIELD 'FIELD CONTINUATION_CLASS_RESULT_FIELD name:result type:kotlin.Result<kotlin.Any?> visibility:public/*package*/ declared in com.segnities007.navigation.MainNavigationKt.MainNavigation.<no name provided>.invokeSuspend.<no name provided>.emit.<Continuation>' type=kotlin.Unit origin=null
                                receiver: GET_VAR '<this>: com.segnities007.navigation.MainNavigationKt.MainNavigation.<no name provided>.invokeSuspend.<no name provided>.emit.<Continuation> declared in com.segnities007.navigation.MainNavigationKt.MainNavigation.<no name provided>.invokeSuspend.<no name provided>.emit.<Continuation>.invokeSuspend' type=com.segnities007.navigation.MainNavigationKt.MainNavigation.<no name provided>.invokeSuspend.<no name provided>.emit.<Continuation> origin=null
                                value: GET_VAR '$result: kotlin.Result<kotlin.Any?> declared in com.segnities007.navigation.MainNavigationKt.MainNavigation.<no name provided>.invokeSuspend.<no name provided>.emit.<Continuation>.invokeSuspend' type=kotlin.Result<kotlin.Any?> origin=null
                              SET_FIELD 'FIELD name:label type:kotlin.Int visibility:public/*package*/ declared in com.segnities007.navigation.MainNavigationKt.MainNavigation.<no name provided>.invokeSuspend.<no name provided>.emit.<Continuation>' type=kotlin.Unit origin=null
                                receiver: GET_VAR '<this>: com.segnities007.navigation.MainNavigationKt.MainNavigation.<no name provided>.invokeSuspend.<no name provided>.emit.<Continuation> declared in com.segnities007.navigation.MainNavigationKt.MainNavigation.<no name provided>.invokeSuspend.<no name provided>.emit.<Continuation>.invokeSuspend' type=com.segnities007.navigation.MainNavigationKt.MainNavigation.<no name provided>.invokeSuspend.<no name provided>.emit.<Continuation> origin=null
                                value: CALL 'public final fun or (other: kotlin.Int): kotlin.Int [infix] declared in kotlin.Int' type=kotlin.Int origin=null
                                  ARG <this>: GET_FIELD 'FIELD name:label type:kotlin.Int visibility:public/*package*/ declared in com.segnities007.navigation.MainNavigationKt.MainNavigation.<no name provided>.invokeSuspend.<no name provided>.emit.<Continuation>' type=kotlin.Int origin=null
                                    receiver: GET_VAR '<this>: com.segnities007.navigation.MainNavigationKt.MainNavigation.<no name provided>.invokeSuspend.<no name provided>.emit.<Continuation> declared in com.segnities007.navigation.MainNavigationKt.MainNavigation.<no name provided>.invokeSuspend.<no name provided>.emit.<Continuation>.invokeSuspend' type=com.segnities007.navigation.MainNavigationKt.MainNavigation.<no name provided>.invokeSuspend.<no name provided>.emit.<Continuation> origin=null
                                  ARG other: CONST Int type=kotlin.Int value=-2147483648
                              RETURN type=kotlin.Nothing from='public final fun invokeSuspend ($result: kotlin.Result<kotlin.Any?>): kotlin.Any? declared in com.segnities007.navigation.MainNavigationKt.MainNavigation.<no name provided>.invokeSuspend.<no name provided>.emit.<Continuation>'
                                CALL 'public final fun emit (effect: com.segnities007.navigation.mvi.MainEffect, $completion: kotlin.coroutines.Continuation<kotlin.Unit>): kotlin.Any? [suspend] declared in com.segnities007.navigation.MainNavigationKt.MainNavigation.<no name provided>.invokeSuspend.<no name provided>' type=kotlin.Any? origin=null
                                  ARG <this>: GET_FIELD 'FIELD FIELD_FOR_OUTER_THIS name:this$0 type:com.segnities007.navigation.MainNavigationKt.MainNavigation.<no name provided>.invokeSuspend.<no name provided><T of com.segnities007.navigation.MainNavigationKt.MainNavigation.<no name provided>.invokeSuspend.<no name provided>> visibility:public/*package*/ [final] declared in com.segnities007.navigation.MainNavigationKt.MainNavigation.<no name provided>.invokeSuspend.<no name provided>.emit.<Continuation>' type=com.segnities007.navigation.MainNavigationKt.MainNavigation.<no name provided>.invokeSuspend.<no name provided><T of com.segnities007.navigation.MainNavigationKt.MainNavigation.<no name provided>.invokeSuspend.<no name provided>> origin=null
                                    receiver: GET_VAR '<this>: com.segnities007.navigation.MainNavigationKt.MainNavigation.<no name provided>.invokeSuspend.<no name provided>.emit.<Continuation> declared in com.segnities007.navigation.MainNavigationKt.MainNavigation.<no name provided>.invokeSuspend.<no name provided>.emit.<Continuation>.invokeSuspend' type=com.segnities007.navigation.MainNavigationKt.MainNavigation.<no name provided>.invokeSuspend.<no name provided>.emit.<Continuation> origin=null
                                  ARG effect: CONST Null type=com.segnities007.navigation.mvi.MainEffect? value=null
                                  ARG $completion: GET_VAR '<this>: com.segnities007.navigation.MainNavigationKt.MainNavigation.<no name provided>.invokeSuspend.<no name provided>.emit.<Continuation> declared in com.segnities007.navigation.MainNavigationKt.MainNavigation.<no name provided>.invokeSuspend.<no name provided>.emit.<Continuation>.invokeSuspend' type=com.segnities007.navigation.MainNavigationKt.MainNavigation.<no name provided>.invokeSuspend.<no name provided>.emit.<Continuation> origin=null
                        BLOCK type=kotlin.Unit origin=WHEN
                          VAR IR_TEMPORARY_VARIABLE name:tmp0_subject type:com.segnities007.navigation.mvi.MainEffect [val]
                            GET_VAR 'effect: com.segnities007.navigation.mvi.MainEffect declared in com.segnities007.navigation.MainNavigationKt.MainNavigation.<no name provided>.invokeSuspend.<no name provided>.emit' type=com.segnities007.navigation.mvi.MainEffect origin=null
                          WHEN type=kotlin.Unit origin=WHEN
                            BRANCH
                              if: TYPE_OP type=kotlin.Boolean origin=INSTANCEOF typeOperand=com.segnities007.navigation.mvi.MainEffect.Navigate
                                GET_VAR 'val tmp0_subject: com.segnities007.navigation.mvi.MainEffect [val] declared in com.segnities007.navigation.MainNavigationKt.MainNavigation.<no name provided>.invokeSuspend.<no name provided>.emit' type=com.segnities007.navigation.mvi.MainEffect origin=null
                              then: BLOCK type=kotlin.Unit origin=null
                                CALL 'public final fun with <T, R> (receiver: T of kotlin.StandardKt.with, block: @[ExtensionFunctionType] kotlin.Function1<T of kotlin.StandardKt.with, R of kotlin.StandardKt.with>): R of kotlin.StandardKt.with [inline] declared in kotlin.StandardKt' type=kotlin.Unit origin=null
                                  TYPE_ARG T: androidx.compose.runtime.snapshots.SnapshotStateList<com.segnities007.common.keys.NavKeys>
                                  TYPE_ARG R: kotlin.Unit
                                  ARG receiver: GET_FIELD 'FIELD FIELD_FOR_CAPTURED_VALUE name:$backStack type:androidx.compose.runtime.snapshots.SnapshotStateList<com.segnities007.common.keys.NavKeys> visibility:public/*package*/ [final] declared in com.segnities007.navigation.MainNavigationKt.MainNavigation.<no name provided>.invokeSuspend.<no name provided>' type=androidx.compose.runtime.snapshots.SnapshotStateList<com.segnities007.common.keys.NavKeys> origin=null
                                    receiver: GET_VAR '<this>: com.segnities007.navigation.MainNavigationKt.MainNavigation.<no name provided>.invokeSuspend.<no name provided><T of com.segnities007.navigation.MainNavigationKt.MainNavigation.<no name provided>.invokeSuspend.<no name provided>> declared in com.segnities007.navigation.MainNavigationKt.MainNavigation.<no name provided>.invokeSuspend.<no name provided>.emit' type=com.segnities007.navigation.MainNavigationKt.MainNavigation.<no name provided>.invokeSuspend.<no name provided><T of com.segnities007.navigation.MainNavigationKt.MainNavigation.<no name provided>.invokeSuspend.<no name provided>> origin=null
                                  ARG block: BLOCK type=@[ExtensionFunctionType] kotlin.Function1<androidx.compose.runtime.snapshots.SnapshotStateList<com.segnities007.common.keys.NavKeys>, kotlin.Unit> origin=LAMBDA
                                    COMPOSITE type=kotlin.Unit origin=null
                                    FUNCTION_REFERENCE 'private final fun emit$lambda$0 ($this$with: androidx.compose.runtime.snapshots.SnapshotStateList<com.segnities007.common.keys.NavKeys>, $effect: com.segnities007.navigation.mvi.MainEffect): kotlin.Unit declared in com.segnities007.navigation.MainNavigationKt.MainNavigation.<no name provided>.invokeSuspend.<no name provided>' type=@[ExtensionFunctionType] kotlin.Function1<androidx.compose.runtime.snapshots.SnapshotStateList<com.segnities007.common.keys.NavKeys>, kotlin.Unit> origin=INLINE_LAMBDA reflectionTarget=null
                                      ARG $effect: GET_VAR 'effect: com.segnities007.navigation.mvi.MainEffect declared in com.segnities007.navigation.MainNavigationKt.MainNavigation.<no name provided>.invokeSuspend.<no name provided>.emit' type=com.segnities007.navigation.mvi.MainEffect origin=null
                            BRANCH
                              if: TYPE_OP type=kotlin.Boolean origin=INSTANCEOF typeOperand=com.segnities007.navigation.mvi.MainEffect.ShowToast
                                GET_VAR 'val tmp0_subject: com.segnities007.navigation.mvi.MainEffect [val] declared in com.segnities007.navigation.MainNavigationKt.MainNavigation.<no name provided>.invokeSuspend.<no name provided>.emit' type=com.segnities007.navigation.mvi.MainEffect origin=null
                              then: BLOCK type=kotlin.Unit origin=null
                            BRANCH
                              if: CALL 'public final fun EQEQ (arg0: kotlin.Any?, arg1: kotlin.Any?): kotlin.Boolean declared in kotlin.internal.ir' type=kotlin.Boolean origin=EQEQ
                                ARG arg0: GET_VAR 'val tmp0_subject: com.segnities007.navigation.mvi.MainEffect [val] declared in com.segnities007.navigation.MainNavigationKt.MainNavigation.<no name provided>.invokeSuspend.<no name provided>.emit' type=com.segnities007.navigation.mvi.MainEffect origin=null
                                ARG arg1: GET_FIELD 'FIELD FIELD_FOR_OBJECT_INSTANCE name:INSTANCE type:com.segnities007.navigation.mvi.MainEffect.Logout visibility:public [final,static] declared in com.segnities007.navigation.mvi.MainEffect.Logout' type=com.segnities007.navigation.mvi.MainEffect.Logout origin=null
                              then: BLOCK type=kotlin.Unit origin=null
                                CALL 'public final fun with <T, R> (receiver: T of kotlin.StandardKt.with, block: @[ExtensionFunctionType] kotlin.Function1<T of kotlin.StandardKt.with, R of kotlin.StandardKt.with>): R of kotlin.StandardKt.with [inline] declared in kotlin.StandardKt' type=kotlin.Unit origin=null
                                  TYPE_ARG T: androidx.compose.runtime.snapshots.SnapshotStateList<com.segnities007.common.keys.NavKeys>
                                  TYPE_ARG R: kotlin.Unit
                                  ARG receiver: GET_FIELD 'FIELD FIELD_FOR_CAPTURED_VALUE name:$backStack type:androidx.compose.runtime.snapshots.SnapshotStateList<com.segnities007.common.keys.NavKeys> visibility:public/*package*/ [final] declared in com.segnities007.navigation.MainNavigationKt.MainNavigation.<no name provided>.invokeSuspend.<no name provided>' type=androidx.compose.runtime.snapshots.SnapshotStateList<com.segnities007.common.keys.NavKeys> origin=null
                                    receiver: GET_VAR '<this>: com.segnities007.navigation.MainNavigationKt.MainNavigation.<no name provided>.invokeSuspend.<no name provided><T of com.segnities007.navigation.MainNavigationKt.MainNavigation.<no name provided>.invokeSuspend.<no name provided>> declared in com.segnities007.navigation.MainNavigationKt.MainNavigation.<no name provided>.invokeSuspend.<no name provided>.emit' type=com.segnities007.navigation.MainNavigationKt.MainNavigation.<no name provided>.invokeSuspend.<no name provided><T of com.segnities007.navigation.MainNavigationKt.MainNavigation.<no name provided>.invokeSuspend.<no name provided>> origin=null
                                  ARG block: BLOCK type=@[ExtensionFunctionType] kotlin.Function1<androidx.compose.runtime.snapshots.SnapshotStateList<com.segnities007.common.keys.NavKeys>, kotlin.Unit> origin=LAMBDA
                                    COMPOSITE type=kotlin.Unit origin=null
                                    FUNCTION_REFERENCE 'private final fun emit$lambda$1 ($this$with: androidx.compose.runtime.snapshots.SnapshotStateList<com.segnities007.common.keys.NavKeys>): kotlin.Unit declared in com.segnities007.navigation.MainNavigationKt.MainNavigation.<no name provided>.invokeSuspend.<no name provided>' type=@[ExtensionFunctionType] kotlin.Function1<androidx.compose.runtime.snapshots.SnapshotStateList<com.segnities007.common.keys.NavKeys>, kotlin.Unit> origin=INLINE_LAMBDA reflectionTarget=null
                            BRANCH
                              if: CONST Boolean type=kotlin.Boolean value=true
                              then: BLOCK type=kotlin.Nothing origin=null
                                CALL 'public final fun noWhenBranchMatchedException (): kotlin.Nothing declared in kotlin.internal.ir' type=kotlin.Nothing origin=null
                                CALL 'public final fun throwKotlinNothingValueException (): kotlin.Nothing declared in kotlin.jvm.internal.Intrinsics' type=kotlin.Nothing origin=null
                    FUN FAKE_OVERRIDE name:equals visibility:public modality:OPEN returnType:kotlin.Boolean [fake_override,operator]
                      VALUE_PARAMETER kind:DispatchReceiver name:<this> index:0 type:kotlin.Any
                      VALUE_PARAMETER kind:Regular name:other index:1 type:kotlin.Any?
                      overridden:
                        public open fun equals (other: kotlin.Any?): kotlin.Boolean [fake_override,operator] declared in kotlinx.coroutines.flow.FlowCollector
                    FUN FAKE_OVERRIDE name:hashCode visibility:public modality:OPEN returnType:kotlin.Int [fake_override]
                      VALUE_PARAMETER kind:DispatchReceiver name:<this> index:0 type:kotlin.Any
                      overridden:
                        public open fun hashCode (): kotlin.Int [fake_override] declared in kotlinx.coroutines.flow.FlowCollector
                    FUN FAKE_OVERRIDE name:toString visibility:public modality:OPEN returnType:kotlin.String [fake_override]
                      VALUE_PARAMETER kind:DispatchReceiver name:<this> index:0 type:kotlin.Any
                      overridden:
                        public open fun toString (): kotlin.String [fake_override] declared in kotlinx.coroutines.flow.FlowCollector
                    FIELD FIELD_FOR_CAPTURED_VALUE name:$backStack type:androidx.compose.runtime.snapshots.SnapshotStateList<com.segnities007.common.keys.NavKeys> visibility:public/*package*/ [final]
                    FUN INLINE_LAMBDA name:emit$lambda$0 visibility:private modality:FINAL returnType:kotlin.Unit
                      VALUE_PARAMETER kind:ExtensionReceiver name:$this$with index:0 type:androidx.compose.runtime.snapshots.SnapshotStateList<com.segnities007.common.keys.NavKeys>
                      VALUE_PARAMETER BOUND_VALUE_PARAMETER kind:Regular name:$effect index:1 type:com.segnities007.navigation.mvi.MainEffect
                      BLOCK_BODY
                        VAR name:$i$a$-with-MainNavigationKt$MainNavigation$1$1$1 type:kotlin.Int [val]
                          CONST Int type=kotlin.Int value=0
                        WHEN type=kotlin.Unit origin=IF
                          BRANCH
                            if: CALL 'public final fun OROR (arg0: kotlin.Boolean, arg1: kotlin.Boolean): kotlin.Boolean declared in kotlin.internal.ir' type=kotlin.Boolean origin=null
                              ARG arg0: TYPE_OP type=kotlin.Boolean origin=INSTANCEOF typeOperand=com.segnities007.common.keys.NavKeys.Hub
                                CALL 'public final fun <get-route> (): com.segnities007.common.keys.NavKeys declared in com.segnities007.navigation.mvi.MainEffect.Navigate' type=com.segnities007.common.keys.NavKeys origin=GET_PROPERTY
                                  ARG <this>: TYPE_OP type=com.segnities007.navigation.mvi.MainEffect.Navigate origin=IMPLICIT_CAST typeOperand=com.segnities007.navigation.mvi.MainEffect.Navigate
                                    GET_VAR '$effect: com.segnities007.navigation.mvi.MainEffect declared in com.segnities007.navigation.MainNavigationKt.MainNavigation.<no name provided>.invokeSuspend.<no name provided>.emit$lambda$0' type=com.segnities007.navigation.mvi.MainEffect origin=null
                              ARG arg1: TYPE_OP type=kotlin.Boolean origin=INSTANCEOF typeOperand=com.segnities007.common.keys.NavKeys.Auth
                                CALL 'public final fun <get-route> (): com.segnities007.common.keys.NavKeys declared in com.segnities007.navigation.mvi.MainEffect.Navigate' type=com.segnities007.common.keys.NavKeys origin=GET_PROPERTY
                                  ARG <this>: TYPE_OP type=com.segnities007.navigation.mvi.MainEffect.Navigate origin=IMPLICIT_CAST typeOperand=com.segnities007.navigation.mvi.MainEffect.Navigate
                                    GET_VAR '$effect: com.segnities007.navigation.mvi.MainEffect declared in com.segnities007.navigation.MainNavigationKt.MainNavigation.<no name provided>.invokeSuspend.<no name provided>.emit$lambda$0' type=com.segnities007.navigation.mvi.MainEffect origin=null
                            then: CALL 'public open fun clear (): kotlin.Unit declared in androidx.compose.runtime.snapshots.SnapshotStateList' type=kotlin.Unit origin=null
                              ARG <this>: GET_VAR '$this$with: androidx.compose.runtime.snapshots.SnapshotStateList<com.segnities007.common.keys.NavKeys> declared in com.segnities007.navigation.MainNavigationKt.MainNavigation.<no name provided>.invokeSuspend.<no name provided>.emit$lambda$0' type=androidx.compose.runtime.snapshots.SnapshotStateList<com.segnities007.common.keys.NavKeys> origin=null
                        COMPOSITE type=kotlin.Unit origin=null
                          CALL 'public open fun add (element: T of androidx.compose.runtime.snapshots.SnapshotStateList): kotlin.Boolean declared in androidx.compose.runtime.snapshots.SnapshotStateList' type=kotlin.Boolean origin=null
                            ARG <this>: GET_VAR '$this$with: androidx.compose.runtime.snapshots.SnapshotStateList<com.segnities007.common.keys.NavKeys> declared in com.segnities007.navigation.MainNavigationKt.MainNavigation.<no name provided>.invokeSuspend.<no name provided>.emit$lambda$0' type=androidx.compose.runtime.snapshots.SnapshotStateList<com.segnities007.common.keys.NavKeys> origin=null
                            ARG element: CALL 'public final fun <get-route> (): com.segnities007.common.keys.NavKeys declared in com.segnities007.navigation.mvi.MainEffect.Navigate' type=com.segnities007.common.keys.NavKeys origin=GET_PROPERTY
                              ARG <this>: TYPE_OP type=com.segnities007.navigation.mvi.MainEffect.Navigate origin=IMPLICIT_CAST typeOperand=com.segnities007.navigation.mvi.MainEffect.Navigate
                                GET_VAR '$effect: com.segnities007.navigation.mvi.MainEffect declared in com.segnities007.navigation.MainNavigationKt.MainNavigation.<no name provided>.invokeSuspend.<no name provided>.emit$lambda$0' type=com.segnities007.navigation.mvi.MainEffect origin=null
                          COMPOSITE type=kotlin.Unit origin=null
                    FUN INLINE_LAMBDA name:emit$lambda$1 visibility:private modality:FINAL returnType:kotlin.Unit
                      VALUE_PARAMETER kind:ExtensionReceiver name:$this$with index:0 type:androidx.compose.runtime.snapshots.SnapshotStateList<com.segnities007.common.keys.NavKeys>
                      BLOCK_BODY
                        VAR name:$i$a$-with-MainNavigationKt$MainNavigation$1$1$2 type:kotlin.Int [val]
                          CONST Int type=kotlin.Int value=0
                        CALL 'public open fun clear (): kotlin.Unit declared in androidx.compose.runtime.snapshots.SnapshotStateList' type=kotlin.Unit origin=null
                          ARG <this>: GET_VAR '$this$with: androidx.compose.runtime.snapshots.SnapshotStateList<com.segnities007.common.keys.NavKeys> declared in com.segnities007.navigation.MainNavigationKt.MainNavigation.<no name provided>.invokeSuspend.<no name provided>.emit$lambda$1' type=androidx.compose.runtime.snapshots.SnapshotStateList<com.segnities007.common.keys.NavKeys> origin=null
                        COMPOSITE type=kotlin.Unit origin=null
                          CALL 'public open fun add (element: T of androidx.compose.runtime.snapshots.SnapshotStateList): kotlin.Boolean declared in androidx.compose.runtime.snapshots.SnapshotStateList' type=kotlin.Boolean origin=null
                            ARG <this>: GET_VAR '$this$with: androidx.compose.runtime.snapshots.SnapshotStateList<com.segnities007.common.keys.NavKeys> declared in com.segnities007.navigation.MainNavigationKt.MainNavigation.<no name provided>.invokeSuspend.<no name provided>.emit$lambda$1' type=androidx.compose.runtime.snapshots.SnapshotStateList<com.segnities007.common.keys.NavKeys> origin=null
                            ARG element: GET_FIELD 'FIELD FIELD_FOR_OBJECT_INSTANCE name:INSTANCE type:com.segnities007.common.keys.NavKeys.Auth.LoginKey visibility:public [final,static] declared in com.segnities007.common.keys.NavKeys.Auth.LoginKey' type=com.segnities007.common.keys.NavKeys.Auth.LoginKey origin=null
                          COMPOSITE type=kotlin.Unit origin=null
                    FUN BRIDGE name:emit visibility:public modality:OPEN returnType:kotlin.Any? [suspend]
                      VALUE_PARAMETER INSTANCE_RECEIVER kind:DispatchReceiver name:<this> index:0 type:com.segnities007.navigation.MainNavigationKt.MainNavigation.<no name provided>.invokeSuspend.<no name provided><T of com.segnities007.navigation.MainNavigationKt.MainNavigation.<no name provided>.invokeSuspend.<no name provided>>
                      VALUE_PARAMETER BRIDGE kind:Regular name:value index:1 type:kotlin.Any?
                      VALUE_PARAMETER BRIDGE kind:Regular name:$completion index:2 type:kotlin.coroutines.Continuation<kotlin.Unit>
                      EXPRESSION_BODY
                        RETURN type=kotlin.Nothing from='public open fun emit (value: kotlin.Any?, $completion: kotlin.coroutines.Continuation<kotlin.Unit>): kotlin.Any? [suspend] declared in com.segnities007.navigation.MainNavigationKt.MainNavigation.<no name provided>.invokeSuspend.<no name provided>'
                          CALL 'public final fun emit (effect: com.segnities007.navigation.mvi.MainEffect, $completion: kotlin.coroutines.Continuation<kotlin.Unit>): kotlin.Any? [suspend] declared in com.segnities007.navigation.MainNavigationKt.MainNavigation.<no name provided>.invokeSuspend.<no name provided>' type=kotlin.Any? origin=BRIDGE_DELEGATION
                            ARG <this>: GET_VAR '<this>: com.segnities007.navigation.MainNavigationKt.MainNavigation.<no name provided>.invokeSuspend.<no name provided><T of com.segnities007.navigation.MainNavigationKt.MainNavigation.<no name provided>.invokeSuspend.<no name provided>> declared in com.segnities007.navigation.MainNavigationKt.MainNavigation.<no name provided>.invokeSuspend.<no name provided>.emit' type=com.segnities007.navigation.MainNavigationKt.MainNavigation.<no name provided>.invokeSuspend.<no name provided><T of com.segnities007.navigation.MainNavigationKt.MainNavigation.<no name provided>.invokeSuspend.<no name provided>> origin=null
                            ARG effect: TYPE_OP type=com.segnities007.navigation.mvi.MainEffect origin=IMPLICIT_CAST typeOperand=com.segnities007.navigation.mvi.MainEffect
                              GET_VAR 'value: kotlin.Any? declared in com.segnities007.navigation.MainNavigationKt.MainNavigation.<no name provided>.invokeSuspend.<no name provided>.emit' type=kotlin.Any? origin=null
                            ARG $completion: TYPE_OP type=kotlin.coroutines.Continuation<*> origin=IMPLICIT_CAST typeOperand=kotlin.coroutines.Continuation<*>
                              GET_VAR '$completion: kotlin.coroutines.Continuation<kotlin.Unit> declared in com.segnities007.navigation.MainNavigationKt.MainNavigation.<no name provided>.invokeSuspend.<no name provided>.emit' type=kotlin.coroutines.Continuation<kotlin.Unit> origin=null
                  CONSTRUCTOR_CALL 'public/*package*/ constructor <init> ($backStack: androidx.compose.runtime.snapshots.SnapshotStateList<com.segnities007.common.keys.NavKeys>) [primary] declared in com.segnities007.navigation.MainNavigationKt.MainNavigation.<no name provided>.invokeSuspend.<no name provided>' type=com.segnities007.navigation.MainNavigationKt.MainNavigation.<no name provided>.invokeSuspend.<no name provided><T of com.segnities007.navigation.MainNavigationKt.MainNavigation.<no name provided>.invokeSuspend.<no name provided>> origin=null
                    TYPE_ARG (of class) T: <none>
                    ARG $backStack: GET_FIELD 'FIELD FIELD_FOR_CAPTURED_VALUE name:$backStack type:androidx.compose.runtime.snapshots.SnapshotStateList<com.segnities007.common.keys.NavKeys> visibility:public/*package*/ [final] declared in com.segnities007.navigation.MainNavigationKt.MainNavigation.<no name provided>' type=androidx.compose.runtime.snapshots.SnapshotStateList<com.segnities007.common.keys.NavKeys> origin=null
                      receiver: GET_VAR '<this>: com.segnities007.navigation.MainNavigationKt.MainNavigation.<no name provided> declared in com.segnities007.navigation.MainNavigationKt.MainNavigation.<no name provided>.invokeSuspend' type=com.segnities007.navigation.MainNavigationKt.MainNavigation.<no name provided> origin=null
                ARG $completion: GET_VAR '<this>: com.segnities007.navigation.MainNavigationKt.MainNavigation.<no name provided> declared in com.segnities007.navigation.MainNavigationKt.MainNavigation.<no name provided>.invokeSuspend' type=com.segnities007.navigation.MainNavigationKt.MainNavigation.<no name provided> origin=null
          FUN name:create visibility:public modality:FINAL returnType:kotlin.coroutines.Continuation<kotlin.Unit>
            VALUE_PARAMETER INSTANCE_RECEIVER kind:DispatchReceiver name:<this> index:0 type:com.segnities007.navigation.MainNavigationKt.MainNavigation.<no name provided>
            VALUE_PARAMETER kind:Regular name:value index:1 type:kotlin.Any?
            VALUE_PARAMETER kind:Regular name:$completion index:2 type:kotlin.coroutines.Continuation<kotlin.Nothing>
            overridden:
              public open fun create (value: kotlin.Any?, $completion: kotlin.coroutines.Continuation<kotlin.Nothing>): kotlin.coroutines.Continuation<kotlin.Unit> declared in kotlin.coroutines.jvm.internal.SuspendLambda
            BLOCK_BODY
              RETURN type=kotlin.Nothing from='public final fun create (value: kotlin.Any?, $completion: kotlin.coroutines.Continuation<kotlin.Nothing>): kotlin.coroutines.Continuation<kotlin.Unit> declared in com.segnities007.navigation.MainNavigationKt.MainNavigation.<no name provided>'
                CONSTRUCTOR_CALL 'public/*package*/ constructor <init> ($mainViewModel: com.segnities007.navigation.mvi.MainViewModel, $backStack: androidx.compose.runtime.snapshots.SnapshotStateList<com.segnities007.common.keys.NavKeys>, $completion: kotlin.coroutines.Continuation<com.segnities007.navigation.MainNavigationKt.MainNavigation.<no name provided>>?) [primary] declared in com.segnities007.navigation.MainNavigationKt.MainNavigation.<no name provided>' type=com.segnities007.navigation.MainNavigationKt.MainNavigation.<no name provided> origin=null
                  ARG $mainViewModel: GET_FIELD 'FIELD FIELD_FOR_CAPTURED_VALUE name:$mainViewModel type:com.segnities007.navigation.mvi.MainViewModel visibility:public/*package*/ [final] declared in com.segnities007.navigation.MainNavigationKt.MainNavigation.<no name provided>' type=com.segnities007.navigation.mvi.MainViewModel origin=null
                    receiver: GET_VAR '<this>: com.segnities007.navigation.MainNavigationKt.MainNavigation.<no name provided> declared in com.segnities007.navigation.MainNavigationKt.MainNavigation.<no name provided>.create' type=com.segnities007.navigation.MainNavigationKt.MainNavigation.<no name provided> origin=null
                  ARG $backStack: GET_FIELD 'FIELD FIELD_FOR_CAPTURED_VALUE name:$backStack type:androidx.compose.runtime.snapshots.SnapshotStateList<com.segnities007.common.keys.NavKeys> visibility:public/*package*/ [final] declared in com.segnities007.navigation.MainNavigationKt.MainNavigation.<no name provided>' type=androidx.compose.runtime.snapshots.SnapshotStateList<com.segnities007.common.keys.NavKeys> origin=null
                    receiver: GET_VAR '<this>: com.segnities007.navigation.MainNavigationKt.MainNavigation.<no name provided> declared in com.segnities007.navigation.MainNavigationKt.MainNavigation.<no name provided>.create' type=com.segnities007.navigation.MainNavigationKt.MainNavigation.<no name provided> origin=null
                  ARG $completion: GET_VAR '$completion: kotlin.coroutines.Continuation<kotlin.Nothing> declared in com.segnities007.navigation.MainNavigationKt.MainNavigation.<no name provided>.create' type=kotlin.coroutines.Continuation<kotlin.Nothing> origin=null
          FUN name:invoke visibility:public modality:FINAL returnType:kotlin.Any?
            VALUE_PARAMETER INSTANCE_RECEIVER kind:DispatchReceiver name:<this> index:0 type:com.segnities007.navigation.MainNavigationKt.MainNavigation.<no name provided>
            VALUE_PARAMETER kind:Regular name:p1 index:1 type:kotlinx.coroutines.CoroutineScope
            VALUE_PARAMETER kind:Regular name:p2 index:2 type:kotlin.coroutines.Continuation<kotlin.Unit>?
            overridden:
              public abstract fun invoke (p1: P1 of kotlin.jvm.functions.Function2, p2: P2 of kotlin.jvm.functions.Function2): R of kotlin.jvm.functions.Function2 declared in kotlin.jvm.functions.Function2
            BLOCK_BODY
              RETURN type=kotlin.Nothing from='public final fun invoke (p1: kotlinx.coroutines.CoroutineScope, p2: kotlin.coroutines.Continuation<kotlin.Unit>?): kotlin.Any? declared in com.segnities007.navigation.MainNavigationKt.MainNavigation.<no name provided>'
                CALL 'public final fun invokeSuspend ($result: kotlin.Result<kotlin.Any?>): kotlin.Any? declared in com.segnities007.navigation.MainNavigationKt.MainNavigation.<no name provided>' type=kotlin.Any? origin=null
                  ARG <this>: TYPE_OP type=com.segnities007.navigation.MainNavigationKt.MainNavigation.<no name provided> origin=IMPLICIT_CAST typeOperand=com.segnities007.navigation.MainNavigationKt.MainNavigation.<no name provided>
                    CALL 'public final fun create (value: kotlin.Any?, $completion: kotlin.coroutines.Continuation<kotlin.Nothing>): kotlin.coroutines.Continuation<kotlin.Unit> declared in com.segnities007.navigation.MainNavigationKt.MainNavigation.<no name provided>' type=kotlin.coroutines.Continuation<kotlin.Unit> origin=null
                      ARG <this>: GET_VAR '<this>: com.segnities007.navigation.MainNavigationKt.MainNavigation.<no name provided> declared in com.segnities007.navigation.MainNavigationKt.MainNavigation.<no name provided>.invoke' type=com.segnities007.navigation.MainNavigationKt.MainNavigation.<no name provided> origin=null
                      ARG value: GET_VAR 'p1: kotlinx.coroutines.CoroutineScope declared in com.segnities007.navigation.MainNavigationKt.MainNavigation.<no name provided>.invoke' type=kotlinx.coroutines.CoroutineScope origin=null
                      ARG $completion: GET_VAR 'p2: kotlin.coroutines.Continuation<kotlin.Unit>? declared in com.segnities007.navigation.MainNavigationKt.MainNavigation.<no name provided>.invoke' type=kotlin.coroutines.Continuation<kotlin.Unit>? origin=null
                  ARG $result: CALL 'public final fun <unsafe-coerce> <T, R> (v: T of kotlin.jvm.internal.<unsafe-coerce>): R of kotlin.jvm.internal.<unsafe-coerce> declared in kotlin.jvm.internal' type=kotlin.Result<kotlin.Any?> origin=null
                    TYPE_ARG T: kotlin.Any?
                    TYPE_ARG R: kotlin.Result<kotlin.Any?>
                    ARG v: GET_FIELD 'FIELD FIELD_FOR_OBJECT_INSTANCE name:INSTANCE type:kotlin.Unit visibility:public [final,static] declared in kotlin.Unit' type=kotlin.Unit origin=null
          FIELD FIELD_FOR_CAPTURED_VALUE name:$mainViewModel type:com.segnities007.navigation.mvi.MainViewModel visibility:public/*package*/ [final]
          FIELD FIELD_FOR_CAPTURED_VALUE name:$backStack type:androidx.compose.runtime.snapshots.SnapshotStateList<com.segnities007.common.keys.NavKeys> visibility:public/*package*/ [final]
          FUN BRIDGE name:invoke visibility:public modality:OPEN returnType:kotlin.Any?
            VALUE_PARAMETER INSTANCE_RECEIVER kind:DispatchReceiver name:<this> index:0 type:com.segnities007.navigation.MainNavigationKt.MainNavigation.<no name provided>
            VALUE_PARAMETER BRIDGE kind:Regular name:p1 index:1 type:kotlin.Any?
            VALUE_PARAMETER BRIDGE kind:Regular name:p2 index:2 type:kotlin.Any?
            EXPRESSION_BODY
              RETURN type=kotlin.Nothing from='public open fun invoke (p1: kotlin.Any?, p2: kotlin.Any?): kotlin.Any? declared in com.segnities007.navigation.MainNavigationKt.MainNavigation.<no name provided>'
                CALL 'public final fun invoke (p1: kotlinx.coroutines.CoroutineScope, p2: kotlin.coroutines.Continuation<kotlin.Unit>?): kotlin.Any? declared in com.segnities007.navigation.MainNavigationKt.MainNavigation.<no name provided>' type=kotlin.Any? origin=BRIDGE_DELEGATION
                  ARG <this>: GET_VAR '<this>: com.segnities007.navigation.MainNavigationKt.MainNavigation.<no name provided> declared in com.segnities007.navigation.MainNavigationKt.MainNavigation.<no name provided>.invoke' type=com.segnities007.navigation.MainNavigationKt.MainNavigation.<no name provided> origin=null
                  ARG p1: TYPE_OP type=kotlinx.coroutines.CoroutineScope origin=IMPLICIT_CAST typeOperand=kotlinx.coroutines.CoroutineScope
                    GET_VAR 'p1: kotlin.Any? declared in com.segnities007.navigation.MainNavigationKt.MainNavigation.<no name provided>.invoke' type=kotlin.Any? origin=null
                  ARG p2: TYPE_OP type=kotlin.coroutines.Continuation<*> origin=IMPLICIT_CAST typeOperand=kotlin.coroutines.Continuation<*>
                    GET_VAR 'p2: kotlin.Any? declared in com.segnities007.navigation.MainNavigationKt.MainNavigation.<no name provided>.invoke' type=kotlin.Any? origin=null
        CONSTRUCTOR_CALL 'public/*package*/ constructor <init> ($mainViewModel: com.segnities007.navigation.mvi.MainViewModel, $backStack: androidx.compose.runtime.snapshots.SnapshotStateList<com.segnities007.common.keys.NavKeys>, $completion: kotlin.coroutines.Continuation<com.segnities007.navigation.MainNavigationKt.MainNavigation.<no name provided>>?) [primary] declared in com.segnities007.navigation.MainNavigationKt.MainNavigation.<no name provided>' type=com.segnities007.navigation.MainNavigationKt.MainNavigation.<no name provided> origin=null
          ARG $mainViewModel: GET_VAR 'val mainViewModel: com.segnities007.navigation.mvi.MainViewModel [val] declared in com.segnities007.navigation.MainNavigationKt.MainNavigation' type=com.segnities007.navigation.mvi.MainViewModel origin=null
          ARG $backStack: GET_VAR 'val backStack: androidx.compose.runtime.snapshots.SnapshotStateList<com.segnities007.common.keys.NavKeys> [val] declared in com.segnities007.navigation.MainNavigationKt.MainNavigation' type=androidx.compose.runtime.snapshots.SnapshotStateList<com.segnities007.common.keys.NavKeys> origin=null
          ARG $completion: CONST Null type=kotlin.Nothing? value=null
    CALL 'public final fun BackHandler (enabled: kotlin.Boolean, onBack: kotlin.Function0<kotlin.Unit>): kotlin.Unit declared in androidx.activity.compose.BackHandlerKt' type=kotlin.Unit origin=null
      ARG enabled: CALL 'public final fun lessOrEqual (arg0: kotlin.Int, arg1: kotlin.Int): kotlin.Boolean declared in kotlin.internal.ir' type=kotlin.Boolean origin=LTEQ
        ARG arg0: CALL 'public open fun <get-size> (): kotlin.Int declared in androidx.compose.runtime.snapshots.SnapshotStateList' type=kotlin.Int origin=GET_PROPERTY
          ARG <this>: GET_VAR 'val backStack: androidx.compose.runtime.snapshots.SnapshotStateList<com.segnities007.common.keys.NavKeys> [val] declared in com.segnities007.navigation.MainNavigationKt.MainNavigation' type=androidx.compose.runtime.snapshots.SnapshotStateList<com.segnities007.common.keys.NavKeys> origin=null
        ARG arg1: CONST Int type=kotlin.Int value=1
      ARG onBack: BLOCK type=kotlin.Function0<kotlin.Unit> origin=LAMBDA
        COMPOSITE type=kotlin.Unit origin=null
        CALL 'public final fun <jvm-indy> <T> (dynamicCall: T of kotlin.jvm.internal.<jvm-indy>, bootstrapMethodHandle: kotlin.Any, vararg bootstrapMethodArguments: kotlin.Any): T of kotlin.jvm.internal.<jvm-indy> declared in kotlin.jvm.internal' type=kotlin.Function0<kotlin.Unit> origin=null
          TYPE_ARG T: kotlin.Function0<kotlin.Unit>
          ARG dynamicCall: CALL 'public final fun invoke (): kotlin.Function0<kotlin.Unit> declared in kotlin.jvm.internal.invokeDynamic' type=kotlin.Function0<kotlin.Unit> origin=null
          ARG bootstrapMethodHandle: CALL 'public final fun <jvm-method-handle> (tag: kotlin.Int, owner: kotlin.String, name: kotlin.String, descriptor: kotlin.String, isInterface: kotlin.Boolean): kotlin.Any declared in kotlin.jvm.internal' type=kotlin.Any origin=null
            ARG tag: CONST Int type=kotlin.Int value=6
            ARG owner: CONST String type=kotlin.String value="java/lang/invoke/LambdaMetafactory"
            ARG name: CONST String type=kotlin.String value="metafactory"
            ARG descriptor: CONST String type=kotlin.String value="(Ljava/lang/invoke/MethodHandles$Lookup;Ljava/lang/String;Ljava/lang/invoke/MethodType;Ljava/lang/invoke/MethodType;Ljava/lang/invoke/MethodHandle;Ljava/lang/invoke/MethodType;)Ljava/lang/invoke/CallSite;"
            ARG isInterface: CONST Boolean type=kotlin.Boolean value=false
          ARG bootstrapMethodArguments: VARARG type=kotlin.Array<kotlin.Any> varargElementType=kotlin.Any
            CALL 'public final fun <jvm-original-method-type> (method: kotlin.Any): kotlin.Any declared in kotlin.jvm.internal' type=kotlin.Any origin=null
              ARG method: RAW_FUNCTION_REFERENCE 'public abstract fun invoke (): R of kotlin.Function0 [operator] declared in kotlin.Function0' type=kotlin.Any
            RAW_FUNCTION_REFERENCE 'private final fun MainNavigation$lambda$4 (): kotlin.Unit? declared in com.segnities007.navigation.MainNavigationKt' type=kotlin.Any
            CALL 'public final fun <jvm-original-method-type> (method: kotlin.Any): kotlin.Any declared in kotlin.jvm.internal' type=kotlin.Any origin=null
              ARG method: RAW_FUNCTION_REFERENCE 'public abstract fun invoke (): kotlin.Unit? [fake_override,operator] declared in kotlin.jvm.internal.invokeDynamic.<fake>' type=kotlin.Any
    VAR name:entryProvider type:kotlin.Function1<androidx.navigation3.runtime.NavKey, androidx.navigation3.runtime.NavEntry<androidx.navigation3.runtime.NavKey>> [val]
      TYPE_OP type=kotlin.Function1<androidx.navigation3.runtime.NavKey, androidx.navigation3.runtime.NavEntry<androidx.navigation3.runtime.NavKey>> origin=IMPLICIT_CAST typeOperand=kotlin.Function1<androidx.navigation3.runtime.NavKey, androidx.navigation3.runtime.NavEntry<androidx.navigation3.runtime.NavKey>>
        CALL 'public final fun entryProvider$default <T> (fallback: kotlin.Function1<@[ParameterName(name = "unknownScreen")] T of androidx.navigation3.runtime.EntryProviderKt.entryProvider$default, androidx.navigation3.runtime.NavEntry<T of androidx.navigation3.runtime.EntryProviderKt.entryProvider$default>>?, builder: @[ExtensionFunctionType] kotlin.Function1<androidx.navigation3.runtime.EntryProviderScope<T of androidx.navigation3.runtime.EntryProviderKt.entryProvider$default>, kotlin.Unit>, $mask0: kotlin.Int, $handler: kotlin.Any?): kotlin.Function1<T of androidx.navigation3.runtime.EntryProviderKt.entryProvider$default, androidx.navigation3.runtime.NavEntry<T of androidx.navigation3.runtime.EntryProviderKt.entryProvider$default>> [inline] declared in androidx.navigation3.runtime.EntryProviderKt' type=kotlin.Function1<T of androidx.navigation3.runtime.EntryProviderKt.entryProvider$default, androidx.navigation3.runtime.NavEntry<T of androidx.navigation3.runtime.EntryProviderKt.entryProvider$default>> origin=DEFAULT_DISPATCH_CALL
          TYPE_ARG T: androidx.navigation3.runtime.NavKey
          ARG fallback: COMPOSITE type=kotlin.Function1<@[ParameterName(name = "unknownScreen")] T of androidx.navigation3.runtime.EntryProviderKt.entryProvider$default, androidx.navigation3.runtime.NavEntry<T of androidx.navigation3.runtime.EntryProviderKt.entryProvider$default>>? origin=DEFAULT_VALUE
            CONST Null type=kotlin.Function1<@[ParameterName(name = "unknownScreen")] T of androidx.navigation3.runtime.EntryProviderKt.entryProvider$default, androidx.navigation3.runtime.NavEntry<T of androidx.navigation3.runtime.EntryProviderKt.entryProvider$default>>? value=null
          ARG builder: BLOCK type=@[ExtensionFunctionType] kotlin.Function1<androidx.navigation3.runtime.EntryProviderScope<androidx.navigation3.runtime.NavKey>, kotlin.Unit> origin=LAMBDA
            COMPOSITE type=kotlin.Unit origin=null
            FUNCTION_REFERENCE 'private final fun MainNavigation$lambda$7 ($this$entryProvider: androidx.navigation3.runtime.EntryProviderScope<androidx.navigation3.runtime.NavKey>, $onNavigate: kotlin.Function1<com.segnities007.common.keys.NavKeys, kotlin.Unit>, $onBack: kotlin.Function0<kotlin.Unit>, $backStack: androidx.compose.runtime.snapshots.SnapshotStateList<com.segnities007.common.keys.NavKeys>): kotlin.Unit declared in com.segnities007.navigation.MainNavigationKt' type=@[ExtensionFunctionType] kotlin.Function1<androidx.navigation3.runtime.EntryProviderScope<androidx.navigation3.runtime.NavKey>, kotlin.Unit> origin=INLINE_LAMBDA reflectionTarget=null
              ARG $onNavigate: GET_VAR 'val onNavigate: kotlin.Function1<com.segnities007.common.keys.NavKeys, kotlin.Unit> [val] declared in com.segnities007.navigation.MainNavigationKt.MainNavigation' type=kotlin.Function1<com.segnities007.common.keys.NavKeys, kotlin.Unit> origin=null
              ARG $onBack: GET_VAR 'val onBack: kotlin.Function0<kotlin.Unit> [val] declared in com.segnities007.navigation.MainNavigationKt.MainNavigation' type=kotlin.Function0<kotlin.Unit> origin=null
              ARG $backStack: GET_VAR 'val backStack: androidx.compose.runtime.snapshots.SnapshotStateList<com.segnities007.common.keys.NavKeys> [val] declared in com.segnities007.navigation.MainNavigationKt.MainNavigation' type=androidx.compose.runtime.snapshots.SnapshotStateList<com.segnities007.common.keys.NavKeys> origin=null
          ARG $mask0: CONST Int type=kotlin.Int value=1
          ARG $handler: CONST Null type=kotlin.Any? value=null
    CALL 'public final fun NavDisplay$default <T> (backStack: kotlin.collections.List<T of androidx.navigation3.ui.NavDisplayKt.NavDisplay$default>, modifier: androidx.compose.ui.Modifier?, contentAlignment: androidx.compose.ui.Alignment?, onBack: kotlin.Function0<kotlin.Unit>?, entryDecorators: kotlin.collections.List<androidx.navigation3.runtime.NavEntryDecorator<T of androidx.navigation3.ui.NavDisplayKt.NavDisplay$default>>?, sceneStrategy: androidx.navigation3.scene.SceneStrategy<T of androidx.navigation3.ui.NavDisplayKt.NavDisplay$default>?, sizeTransform: androidx.compose.animation.SizeTransform?, transitionSpec: @[ExtensionFunctionType] kotlin.Function1<androidx.compose.animation.AnimatedContentTransitionScope<androidx.navigation3.scene.Scene<T of androidx.navigation3.ui.NavDisplayKt.NavDisplay$default>>, androidx.compose.animation.ContentTransform>?, popTransitionSpec: @[ExtensionFunctionType] kotlin.Function1<androidx.compose.animation.AnimatedContentTransitionScope<androidx.navigation3.scene.Scene<T of androidx.navigation3.ui.NavDisplayKt.NavDisplay$default>>, androidx.compose.animation.ContentTransform>?, predictivePopTransitionSpec: @[ExtensionFunctionType] kotlin.Function2<androidx.compose.animation.AnimatedContentTransitionScope<androidx.navigation3.scene.Scene<T of androidx.navigation3.ui.NavDisplayKt.NavDisplay$default>>, kotlin.Int, androidx.compose.animation.ContentTransform>?, entryProvider: kotlin.Function1<@[ParameterName(name = "key")] T of androidx.navigation3.ui.NavDisplayKt.NavDisplay$default, androidx.navigation3.runtime.NavEntry<T of androidx.navigation3.ui.NavDisplayKt.NavDisplay$default>>, $mask0: kotlin.Int, $handler: kotlin.Any?): kotlin.Unit declared in androidx.navigation3.ui.NavDisplayKt' type=kotlin.Unit origin=DEFAULT_DISPATCH_CALL
      TYPE_ARG T: androidx.navigation3.runtime.NavKey
      ARG backStack: GET_VAR 'val backStack: androidx.compose.runtime.snapshots.SnapshotStateList<com.segnities007.common.keys.NavKeys> [val] declared in com.segnities007.navigation.MainNavigationKt.MainNavigation' type=androidx.compose.runtime.snapshots.SnapshotStateList<com.segnities007.common.keys.NavKeys> origin=null
      ARG modifier: COMPOSITE type=androidx.compose.ui.Modifier? origin=DEFAULT_VALUE
        CONST Null type=androidx.compose.ui.Modifier? value=null
      ARG contentAlignment: COMPOSITE type=androidx.compose.ui.Alignment? origin=DEFAULT_VALUE
        CONST Null type=androidx.compose.ui.Alignment? value=null
      ARG onBack: GET_VAR 'val onBack: kotlin.Function0<kotlin.Unit> [val] declared in com.segnities007.navigation.MainNavigationKt.MainNavigation' type=kotlin.Function0<kotlin.Unit> origin=null
      ARG entryDecorators: COMPOSITE type=kotlin.collections.List<androidx.navigation3.runtime.NavEntryDecorator<T of androidx.navigation3.ui.NavDisplayKt.NavDisplay$default>>? origin=DEFAULT_VALUE
        CONST Null type=kotlin.collections.List<androidx.navigation3.runtime.NavEntryDecorator<T of androidx.navigation3.ui.NavDisplayKt.NavDisplay$default>>? value=null
      ARG sceneStrategy: COMPOSITE type=androidx.navigation3.scene.SceneStrategy<T of androidx.navigation3.ui.NavDisplayKt.NavDisplay$default>? origin=DEFAULT_VALUE
        CONST Null type=androidx.navigation3.scene.SceneStrategy<T of androidx.navigation3.ui.NavDisplayKt.NavDisplay$default>? value=null
      ARG sizeTransform: COMPOSITE type=androidx.compose.animation.SizeTransform? origin=DEFAULT_VALUE
        CONST Null type=androidx.compose.animation.SizeTransform? value=null
      ARG transitionSpec: COMPOSITE type=@[ExtensionFunctionType] kotlin.Function1<androidx.compose.animation.AnimatedContentTransitionScope<androidx.navigation3.scene.Scene<T of androidx.navigation3.ui.NavDisplayKt.NavDisplay$default>>, androidx.compose.animation.ContentTransform>? origin=DEFAULT_VALUE
        CONST Null type=@[ExtensionFunctionType] kotlin.Function1<androidx.compose.animation.AnimatedContentTransitionScope<androidx.navigation3.scene.Scene<T of androidx.navigation3.ui.NavDisplayKt.NavDisplay$default>>, androidx.compose.animation.ContentTransform>? value=null
      ARG popTransitionSpec: COMPOSITE type=@[ExtensionFunctionType] kotlin.Function1<androidx.compose.animation.AnimatedContentTransitionScope<androidx.navigation3.scene.Scene<T of androidx.navigation3.ui.NavDisplayKt.NavDisplay$default>>, androidx.compose.animation.ContentTransform>? origin=DEFAULT_VALUE
        CONST Null type=@[ExtensionFunctionType] kotlin.Function1<androidx.compose.animation.AnimatedContentTransitionScope<androidx.navigation3.scene.Scene<T of androidx.navigation3.ui.NavDisplayKt.NavDisplay$default>>, androidx.compose.animation.ContentTransform>? value=null
      ARG predictivePopTransitionSpec: COMPOSITE type=@[ExtensionFunctionType] kotlin.Function2<androidx.compose.animation.AnimatedContentTransitionScope<androidx.navigation3.scene.Scene<T of androidx.navigation3.ui.NavDisplayKt.NavDisplay$default>>, kotlin.Int, androidx.compose.animation.ContentTransform>? origin=DEFAULT_VALUE
        CONST Null type=@[ExtensionFunctionType] kotlin.Function2<androidx.compose.animation.AnimatedContentTransitionScope<androidx.navigation3.scene.Scene<T of androidx.navigation3.ui.NavDisplayKt.NavDisplay$default>>, kotlin.Int, androidx.compose.animation.ContentTransform>? value=null
      ARG entryProvider: GET_VAR 'val entryProvider: kotlin.Function1<androidx.navigation3.runtime.NavKey, androidx.navigation3.runtime.NavEntry<androidx.navigation3.runtime.NavKey>> [val] declared in com.segnities007.navigation.MainNavigationKt.MainNavigation' type=kotlin.Function1<androidx.navigation3.runtime.NavKey, androidx.navigation3.runtime.NavEntry<androidx.navigation3.runtime.NavKey>> origin=null
      ARG $mask0: CONST Int type=kotlin.Int value=1014
      ARG $handler: CONST Null type=kotlin.Any? value=null

	at org.jetbrains.kotlin.backend.jvm.codegen.FunctionCodegen.generate(FunctionCodegen.kt:50)
	at org.jetbrains.kotlin.backend.jvm.codegen.FunctionCodegen.generate$default(FunctionCodegen.kt:43)
	at org.jetbrains.kotlin.backend.jvm.codegen.ClassCodegen.generateMethodNode(ClassCodegen.kt:422)
	at org.jetbrains.kotlin.backend.jvm.codegen.ClassCodegen.generateMethod(ClassCodegen.kt:439)
	at org.jetbrains.kotlin.backend.jvm.codegen.ClassCodegen.generate(ClassCodegen.kt:164)
	at org.jetbrains.kotlin.backend.jvm.JvmIrCodegenFactory.generateFile(JvmIrCodegenFactory.kt:419)
	at org.jetbrains.kotlin.backend.jvm.JvmIrCodegenFactory.invokeCodegen(JvmIrCodegenFactory.kt:388)
	at org.jetbrains.kotlin.cli.jvm.compiler.KotlinToJVMBytecodeCompiler.runCodegen$cli(KotlinToJVMBytecodeCompiler.kt:431)
	at org.jetbrains.kotlin.cli.pipeline.jvm.JvmBackendPipelinePhase.executePhase(JvmBackendPipelinePhase.kt:95)
	at org.jetbrains.kotlin.cli.pipeline.jvm.JvmBackendPipelinePhase.executePhase(JvmBackendPipelinePhase.kt:36)
	at org.jetbrains.kotlin.cli.pipeline.jvm.JvmBackendPipelinePhase.executePhase(JvmBackendPipelinePhase.kt:29)
	at org.jetbrains.kotlin.cli.pipeline.PipelinePhase.phaseBody(PipelinePhase.kt:68)
	at org.jetbrains.kotlin.cli.pipeline.PipelinePhase.phaseBody(PipelinePhase.kt:58)
	at org.jetbrains.kotlin.config.phaser.NamedCompilerPhase.invoke(CompilerPhase.kt:102)
	at org.jetbrains.kotlin.backend.common.phaser.CompositePhase.invoke(PhaseBuilders.kt:22)
	at org.jetbrains.kotlin.config.phaser.CompilerPhaseKt.invokeToplevel(CompilerPhase.kt:53)
	at org.jetbrains.kotlin.cli.pipeline.AbstractCliPipeline.runPhasedPipeline(AbstractCliPipeline.kt:109)
	at org.jetbrains.kotlin.cli.pipeline.AbstractCliPipeline.execute(AbstractCliPipeline.kt:68)
	at org.jetbrains.kotlin.cli.jvm.K2JVMCompiler.doExecutePhased(K2JVMCompiler.kt:78)
	at org.jetbrains.kotlin.cli.jvm.K2JVMCompiler.doExecutePhased(K2JVMCompiler.kt:44)
	at org.jetbrains.kotlin.cli.common.CLICompiler.execImpl(CLICompiler.kt:90)
	at org.jetbrains.kotlin.cli.common.CLICompiler.exec(CLICompiler.kt:352)
	at org.jetbrains.kotlin.incremental.IncrementalJvmCompilerRunnerBase.runCompiler(IncrementalJvmCompilerRunnerBase.kt:175)
	at org.jetbrains.kotlin.incremental.IncrementalJvmCompilerRunnerBase.runCompiler(IncrementalJvmCompilerRunnerBase.kt:38)
	at org.jetbrains.kotlin.incremental.IncrementalCompilerRunner.doCompile(IncrementalCompilerRunner.kt:504)
	at org.jetbrains.kotlin.incremental.IncrementalCompilerRunner.compileImpl(IncrementalCompilerRunner.kt:421)
	at org.jetbrains.kotlin.incremental.IncrementalCompilerRunner.compileNonIncrementally(IncrementalCompilerRunner.kt:306)
	at org.jetbrains.kotlin.incremental.IncrementalCompilerRunner.compile(IncrementalCompilerRunner.kt:133)
	at org.jetbrains.kotlin.daemon.CompileServiceImplBase.execIncrementalCompiler(CompileServiceImpl.kt:679)
	at org.jetbrains.kotlin.daemon.CompileServiceImplBase.access$execIncrementalCompiler(CompileServiceImpl.kt:93)
	at org.jetbrains.kotlin.daemon.CompileServiceImpl.compile(CompileServiceImpl.kt:1806)
	at java.base/jdk.internal.reflect.DirectMethodHandleAccessor.invoke(Unknown Source)
	at java.base/java.lang.reflect.Method.invoke(Unknown Source)
	at java.rmi/sun.rmi.server.UnicastServerRef.dispatch(Unknown Source)
	at java.rmi/sun.rmi.transport.Transport$1.run(Unknown Source)
	at java.rmi/sun.rmi.transport.Transport$1.run(Unknown Source)
	at java.base/java.security.AccessController.doPrivileged(Unknown Source)
	at java.rmi/sun.rmi.transport.Transport.serviceCall(Unknown Source)
	at java.rmi/sun.rmi.transport.tcp.TCPTransport.handleMessages(Unknown Source)
	at java.rmi/sun.rmi.transport.tcp.TCPTransport$ConnectionHandler.run0(Unknown Source)
	at java.rmi/sun.rmi.transport.tcp.TCPTransport$ConnectionHandler.lambda$run$0(Unknown Source)
	at java.base/java.security.AccessController.doPrivileged(Unknown Source)
	at java.rmi/sun.rmi.transport.tcp.TCPTransport$ConnectionHandler.run(Unknown Source)
	at java.base/java.util.concurrent.ThreadPoolExecutor.runWorker(Unknown Source)
	at java.base/java.util.concurrent.ThreadPoolExecutor$Worker.run(Unknown Source)
	at java.base/java.lang.Thread.run(Unknown Source)
Caused by: org.jetbrains.kotlin.codegen.CompilationException: Back-end (JVM) Internal error: Couldn't inline method call: CALL 'public final fun viewModel$default <VM> (viewModelStoreOwner: androidx.lifecycle.ViewModelStoreOwner?, key: kotlin.String?, initializer: @[ExtensionFunctionType] kotlin.Function1<androidx.lifecycle.viewmodel.CreationExtras, VM of androidx.lifecycle.viewmodel.compose.ViewModelKt.viewModel$default>, $mask0: kotlin.Int, $handler: kotlin.Any?): VM of androidx.lifecycle.viewmodel.compose.ViewModelKt.viewModel$default [inline] declared in androidx.lifecycle.viewmodel.compose.ViewModelKt' type=VM of androidx.lifecycle.viewmodel.compose.ViewModelKt.viewModel$default origin=DEFAULT_DISPATCH_CALL
Method: null
File is unknown
The root cause java.lang.IllegalStateException was thrown at: org.jetbrains.kotlin.codegen.inline.SourceCompilerForInlineKt.getMethodNode(SourceCompilerForInline.kt:129)
	at org.jetbrains.kotlin.backend.jvm.codegen.IrInlineCodegen.genInlineCall(IrInlineCodegen.kt:82)
	at org.jetbrains.kotlin.backend.jvm.codegen.IrInlineCallGenerator.genCall(IrInlineCallGenerator.kt:36)
	at org.jetbrains.kotlin.backend.jvm.codegen.ExpressionCodegen.visitCall(ExpressionCodegen.kt:586)
	at org.jetbrains.kotlin.backend.jvm.codegen.ExpressionCodegen.visitCall(ExpressionCodegen.kt:135)
	at org.jetbrains.kotlin.ir.expressions.IrCall.accept(IrCall.kt:24)
	at org.jetbrains.kotlin.backend.jvm.codegen.ExpressionCodegen.visitTypeOperator(ExpressionCodegen.kt:1075)
	at org.jetbrains.kotlin.backend.jvm.codegen.ExpressionCodegen.visitTypeOperator(ExpressionCodegen.kt:135)
	at org.jetbrains.kotlin.ir.expressions.IrTypeOperatorCall.accept(IrTypeOperatorCall.kt:26)
	at org.jetbrains.kotlin.backend.jvm.codegen.ExpressionCodegen.visitVariable(ExpressionCodegen.kt:725)
	at org.jetbrains.kotlin.backend.jvm.codegen.ExpressionCodegen.visitVariable(ExpressionCodegen.kt:135)
	at org.jetbrains.kotlin.ir.declarations.IrVariable.accept(IrVariable.kt:36)
	at org.jetbrains.kotlin.backend.jvm.codegen.ExpressionCodegen.visitStatementContainer(ExpressionCodegen.kt:527)
	at org.jetbrains.kotlin.backend.jvm.codegen.ExpressionCodegen.visitBlockBody(ExpressionCodegen.kt:532)
	at org.jetbrains.kotlin.backend.jvm.codegen.ExpressionCodegen.visitBlockBody(ExpressionCodegen.kt:135)
	at org.jetbrains.kotlin.ir.expressions.IrBlockBody.accept(IrBlockBody.kt:20)
	at org.jetbrains.kotlin.backend.jvm.codegen.ExpressionCodegen.generate(ExpressionCodegen.kt:233)
	at org.jetbrains.kotlin.backend.jvm.codegen.FunctionCodegen.doGenerate(FunctionCodegen.kt:126)
	at org.jetbrains.kotlin.backend.jvm.codegen.FunctionCodegen.generate(FunctionCodegen.kt:47)
	... 45 more
Caused by: java.lang.IllegalStateException: couldn't find inline method Landroidx/lifecycle/viewmodel/compose/ViewModelKt__ViewModelKt;.viewModel$default(Landroidx/lifecycle/ViewModelStoreOwner;Ljava/lang/String;Lkotlin/jvm/functions/Function1;ILjava/lang/Object;)Landroidx/lifecycle/ViewModel;
	at org.jetbrains.kotlin.codegen.inline.SourceCompilerForInlineKt.getMethodNode(SourceCompilerForInline.kt:129)
	at org.jetbrains.kotlin.codegen.inline.SourceCompilerForInlineKt.loadCompiledInlineFunction$lambda$2(SourceCompilerForInline.kt:98)
	at org.jetbrains.kotlin.codegen.inline.InlineCache.computeMethodBytes(InlineCache.kt:90)
	at org.jetbrains.kotlin.codegen.inline.SourceCompilerForInlineKt.loadCompiledInlineFunction(SourceCompilerForInline.kt:93)
	at org.jetbrains.kotlin.backend.jvm.codegen.IrSourceCompilerForInline.compileInlineFunction(IrSourceCompilerForInline.kt:96)
	at org.jetbrains.kotlin.backend.jvm.codegen.IrInlineCodegen.genInlineCall(IrInlineCodegen.kt:65)
	... 62 more


